# name   Z   N   A     Y(final)         Y(decay)         Y(seed)      
     n   0   1   1   3.47876E-92   0.00000E+00   0.00000E+00
     p   1   0   1   1.07072E-21   1.07072E-21   1.08621E-29
     d   1   1   2   0.00000E+00   0.00000E+00   7.20081E-06
   he3   2   1   3   0.00000E+00   0.00000E+00   1.50545E-05
   he4   2   2   4   1.38563E-01   1.38563E-01   1.40503E-01
   li7   3   4   7   0.00000E+00   0.00000E+00   1.31551E-09
   be7   4   3   7   0.00000E+00   0.00000E+00   0.00000E+00
    b8   5   3   8   0.00000E+00   0.00000E+00   0.00000E+00
   b10   5   5  10   0.00000E+00   0.00000E+00   7.80242E-11
   b11   5   6  11   0.00000E+00   0.00000E+00   3.14057E-10
   c11   6   5  11   0.00000E+00   0.00000E+00   0.00000E+00
   c12   6   6  12   2.72996E-02   2.72996E-02   2.77808E-02
   c13   6   7  13   1.50351E-07   1.50351E-07   1.51387E-03
   c14   6   8  14   1.78294E-05   0.00000E+00   0.00000E+00
   c15   6   9  15   0.00000E+00   0.00000E+00   0.00000E+00
   n13   7   6  13   0.00000E+00   0.00000E+00   0.00000E+00
   n14   7   7  14   3.43767E-04   3.61597E-04   3.67671E-04
   n15   7   8  15   7.20994E-06   7.20994E-06   6.05475E-09
   o15   8   7  15   0.00000E+00   0.00000E+00   0.00000E+00
   o16   8   8  16   4.66975E-03   4.66975E-03   2.72139E-03
   o17   8   9  17   1.04881E-05   1.04881E-05   1.65817E-07
   o18   8  10  18   3.66709E-05   3.66709E-05   2.70506E-09
   o19   8  11  19   0.00000E+00   0.00000E+00   0.00000E+00
   f17   9   8  17   0.00000E+00   0.00000E+00   0.00000E+00
   f18   9   9  18   0.00000E+00   0.00000E+00   0.00000E+00
   f19   9  10  19   1.45562E-07   1.45562E-07   9.49285E-11
   f20   9  11  20   0.00000E+00   0.00000E+00   0.00000E+00
  ne20  10  10  20   5.99475E-05   5.99475E-05   6.18862E-05
  ne21  10  11  21   1.14618E-06   1.14618E-06   1.48351E-07
  ne22  10  12  22   1.35870E-03   1.35870E-03   1.42702E-03
  ne23  10  13  23   0.00000E+00   0.00000E+00   0.00000E+00
  ne24  10  14  24   0.00000E+00   0.00000E+00   0.00000E+00
  na21  11  10  21   0.00000E+00   0.00000E+00   0.00000E+00
  na22  11  11  22   0.00000E+00   0.00000E+00   0.00000E+00
  na23  11  12  23   1.98722E-05   1.98722E-05   1.35949E-06
  na24  11  13  24   0.00000E+00   0.00000E+00   0.00000E+00
  na25  11  14  25   0.00000E+00   0.00000E+00   0.00000E+00
  mg23  12  11  23   0.00000E+00   0.00000E+00   0.00000E+00
  mg24  12  12  24   7.04420E-05   7.04419E-05   2.46008E-05
  mg25  12  13  25   2.77958E-06   2.77958E-06   3.11441E-06
  mg26  12  14  26   8.47190E-06   8.47190E-06   3.42897E-06
  mg27  12  15  27   0.00000E+00   0.00000E+00   0.00000E+00
  mg28  12  16  28   0.00000E+00   0.00000E+00   0.00000E+00
  al25  13  12  25   0.00000E+00   0.00000E+00   0.00000E+00
  al-6  13  13  26   5.79033E-14   0.00000E+00   0.00000E+00
  al*6  13  13  26   0.00000E+00   0.00000E+00   0.00000E+00
  al27  13  14  27   1.30766E-07   1.30766E-07   2.20484E-06
  al28  13  15  28   0.00000E+00   0.00000E+00   0.00000E+00
  al29  13  16  29   0.00000E+00   0.00000E+00   0.00000E+00
  si26  14  12  26   0.00000E+00   0.00000E+00   0.00000E+00
  si27  14  13  27   0.00000E+00   0.00000E+00   0.00000E+00
  si28  14  14  28   2.29303E-05   2.29303E-05   2.33479E-05
  si29  14  15  29   5.75567E-07   5.75567E-07   1.18555E-06
  si30  14  16  30   1.09772E-06   1.09772E-06   7.81522E-07
  si31  14  17  31   0.00000E+00   0.00000E+00   0.00000E+00
  si32  14  18  32   1.70605E-25   0.00000E+00   0.00000E+00
  si33  14  19  33   0.00000E+00   0.00000E+00   0.00000E+00
   p27  15  12  27   0.00000E+00   0.00000E+00   0.00000E+00
   p28  15  13  28   0.00000E+00   0.00000E+00   0.00000E+00
   p29  15  14  29   0.00000E+00   0.00000E+00   0.00000E+00
   p30  15  15  30   0.00000E+00   0.00000E+00   0.00000E+00
   p31  15  16  31   7.21107E-06   7.21107E-06   2.01084E-07
   p32  15  17  32   0.00000E+00   0.00000E+00   0.00000E+00
   p33  15  18  33   0.00000E+00   0.00000E+00   0.00000E+00
   p34  15  19  34   0.00000E+00   0.00000E+00   0.00000E+00
   s30  16  14  30   0.00000E+00   0.00000E+00   0.00000E+00
   s31  16  15  31   0.00000E+00   0.00000E+00   0.00000E+00
   s32  16  16  32   5.57053E-06   5.57053E-06   9.78994E-06
   s33  16  17  33   5.33154E-08   5.33154E-08   7.83773E-08
   s34  16  18  34   6.42200E-07   6.42200E-07   4.42419E-07
   s35  16  19  35   0.00000E+00   0.00000E+00   0.00000E+00
   s36  16  20  36   2.69431E-07   2.69431E-07   2.06256E-09
   s37  16  21  37   0.00000E+00   0.00000E+00   0.00000E+00
   s38  16  22  38   0.00000E+00   0.00000E+00   0.00000E+00
  cl33  17  16  33   0.00000E+00   0.00000E+00   0.00000E+00
  cl34  17  17  34   0.00000E+00   0.00000E+00   0.00000E+00
  cl35  17  18  35   7.41131E-09   7.41130E-09   1.87470E-07
  cl36  17  19  36   8.74041E-10   0.00000E+00   0.00000E+00
  cl37  17  20  37   6.17455E-07   6.17455E-07   5.99171E-08
  cl38  17  21  38   0.00000E+00   0.00000E+00   0.00000E+00
  cl39  17  22  39   0.00000E+00   0.00000E+00   0.00000E+00
  ar34  18  16  34   0.00000E+00   0.00000E+00   0.00000E+00
  ar35  18  17  35   0.00000E+00   0.00000E+00   0.00000E+00
  ar36  18  18  36   3.11287E-10   1.18533E-09   1.66234E-06
  ar37  18  19  37   0.00000E+00   0.00000E+00   0.00000E+00
  ar38  18  20  38   6.37432E-07   6.37432E-07   3.02242E-07
  ar39  18  21  39   2.25914E-14   0.00000E+00   0.00000E+00
  ar40  18  22  40   3.61297E-07   3.61297E-07   4.83405E-10
  ar41  18  23  41   0.00000E+00   0.00000E+00   0.00000E+00
  ar42  18  24  42   0.00000E+00   0.00000E+00   0.00000E+00
  ar43  18  25  43   0.00000E+00   0.00000E+00   0.00000E+00
   k37  19  18  37   0.00000E+00   0.00000E+00   0.00000E+00
   k38  19  19  38   0.00000E+00   0.00000E+00   0.00000E+00
   k39  19  20  39   2.45025E-07   2.45025E-07   7.80684E-08
   k40  19  21  40   2.79224E-08   2.79224E-08   1.23224E-10
   k41  19  22  41   5.99353E-08   6.01076E-08   5.63392E-09
   k42  19  23  42   0.00000E+00   0.00000E+00   0.00000E+00
   k43  19  24  43   0.00000E+00   0.00000E+00   0.00000E+00
   k44  19  25  44   0.00000E+00   0.00000E+00   0.00000E+00
   k45  19  26  45   0.00000E+00   0.00000E+00   0.00000E+00
  ca38  20  18  38   0.00000E+00   0.00000E+00   0.00000E+00
  ca39  20  19  39   0.00000E+00   0.00000E+00   0.00000E+00
  ca40  20  20  40   6.66875E-09   6.66875E-09   1.65914E-06
  ca41  20  21  41   1.72385E-10   0.00000E+00   0.00000E+00
  ca42  20  22  42   1.31627E-07   1.31627E-07   1.10734E-08
  ca43  20  23  43   2.36569E-08   2.36569E-08   2.31052E-09
  ca44  20  24  44   2.97575E-07   2.97575E-07   3.57019E-08
  ca45  20  25  45   0.00000E+00   0.00000E+00   0.00000E+00
  ca46  20  26  46   2.19087E-07   2.19087E-07   6.84599E-11
  ca47  20  27  47   0.00000E+00   0.00000E+00   0.00000E+00
  ca48  20  28  48   1.47329E-09   1.47329E-09   3.20050E-09
  ca49  20  29  49   0.00000E+00   0.00000E+00   0.00000E+00
  sc40  21  19  40   0.00000E+00   0.00000E+00   0.00000E+00
  sc41  21  20  41   0.00000E+00   0.00000E+00   0.00000E+00
  sc42  21  21  42   0.00000E+00   0.00000E+00   0.00000E+00
  sc43  21  22  43   0.00000E+00   0.00000E+00   0.00000E+00
  sc44  21  23  44   0.00000E+00   0.00000E+00   0.00000E+00
  sc45  21  24  45   2.28115E-08   2.28115E-08   1.10504E-09
  sc46  21  25  46   0.00000E+00   0.00000E+00   0.00000E+00
  sc47  21  26  47   0.00000E+00   0.00000E+00   0.00000E+00
  sc48  21  27  48   0.00000E+00   0.00000E+00   0.00000E+00
  sc49  21  28  49   0.00000E+00   0.00000E+00   0.00000E+00
  sc50  21  29  50   0.00000E+00   0.00000E+00   0.00000E+00
  ti42  22  20  42   0.00000E+00   0.00000E+00   0.00000E+00
  ti43  22  21  43   0.00000E+00   0.00000E+00   0.00000E+00
  ti44  22  22  44   0.00000E+00   0.00000E+00   0.00000E+00
  ti45  22  23  45   0.00000E+00   0.00000E+00   0.00000E+00
  ti46  22  24  46   6.27961E-08   6.27961E-08   5.75215E-09
  ti47  22  25  47   2.33512E-08   2.33512E-08   5.18740E-09
  ti48  22  26  48   6.31931E-08   6.31931E-08   5.13998E-08
  ti49  22  27  49   8.91037E-08   8.91037E-08   3.77202E-09
  ti50  22  28  50   7.22811E-07   7.22811E-07   3.61165E-09
  ti51  22  29  51   0.00000E+00   0.00000E+00   0.00000E+00
  ti52  22  30  52   0.00000E+00   0.00000E+00   0.00000E+00
   v44  23  21  44   0.00000E+00   0.00000E+00   0.00000E+00
   v45  23  22  45   0.00000E+00   0.00000E+00   0.00000E+00
   v46  23  23  46   0.00000E+00   0.00000E+00   0.00000E+00
   v47  23  24  47   0.00000E+00   0.00000E+00   0.00000E+00
   v48  23  25  48   0.00000E+00   0.00000E+00   0.00000E+00
   v49  23  26  49   0.00000E+00   0.00000E+00   0.00000E+00
   v50  23  27  50   9.32911E-23   9.32911E-23   1.66463E-11
   v51  23  28  51   9.45491E-09   9.45491E-09   6.64185E-09
   v52  23  29  52   0.00000E+00   0.00000E+00   0.00000E+00
   v53  23  30  53   0.00000E+00   0.00000E+00   0.00000E+00
  cr46  24  22  46   0.00000E+00   0.00000E+00   0.00000E+00
  cr47  24  23  47   0.00000E+00   0.00000E+00   0.00000E+00
  cr48  24  24  48   0.00000E+00   0.00000E+00   0.00000E+00
  cr49  24  25  49   0.00000E+00   0.00000E+00   0.00000E+00
  cr50  24  26  50   0.00000E+00   0.00000E+00   1.48377E-08
  cr51  24  27  51   0.00000E+00   0.00000E+00   0.00000E+00
  cr52  24  28  52   1.06793E-07   1.06793E-07   2.86130E-07
  cr53  24  29  53   4.30959E-09   4.30959E-09   3.24448E-08
  cr54  24  30  54   6.13548E-08   6.13548E-08   8.07621E-09
  cr55  24  31  55   0.00000E+00   0.00000E+00   0.00000E+00
  cr56  24  32  56   0.00000E+00   0.00000E+00   0.00000E+00
  mn48  25  23  48   0.00000E+00   0.00000E+00   0.00000E+00
  mn49  25  24  49   0.00000E+00   0.00000E+00   0.00000E+00
  mn50  25  25  50   0.00000E+00   0.00000E+00   0.00000E+00
  mn51  25  26  51   0.00000E+00   0.00000E+00   0.00000E+00
  mn52  25  27  52   0.00000E+00   0.00000E+00   0.00000E+00
  mn53  25  28  53   1.42817E-24   0.00000E+00   0.00000E+00
  mn54  25  29  54   0.00000E+00   0.00000E+00   0.00000E+00
  mn55  25  30  55   5.14679E-09   5.14679E-09   2.10560E-07
  mn56  25  31  56   0.00000E+00   0.00000E+00   0.00000E+00
  mn57  25  32  57   0.00000E+00   0.00000E+00   0.00000E+00
  fe50  26  24  50   0.00000E+00   0.00000E+00   0.00000E+00
  fe51  26  25  51   0.00000E+00   0.00000E+00   0.00000E+00
  fe52  26  26  52   0.00000E+00   0.00000E+00   0.00000E+00
  fe53  26  27  53   0.00000E+00   0.00000E+00   0.00000E+00
  fe54  26  28  54   3.09218E-22   3.09218E-22   1.44598E-06
  fe55  26  29  55   0.00000E+00   0.00000E+00   0.00000E+00
  fe56  26  30  56   4.24065E-07   4.24065E-07   2.26987E-05
  fe57  26  31  57   3.67899E-08   3.67899E-08   5.24213E-07
  fe58  26  32  58   2.30695E-07   2.30695E-07   6.97631E-08
  fe59  26  33  59   0.00000E+00   0.00000E+00   0.00000E+00
  fe60  26  34  60   5.96048E-10   0.00000E+00   0.00000E+00
  fe61  26  35  61   0.00000E+00   0.00000E+00   0.00000E+00
  fe62  26  36  62   0.00000E+00   0.00000E+00   0.00000E+00
  co52  27  25  52   0.00000E+00   0.00000E+00   0.00000E+00
  co53  27  26  53   0.00000E+00   0.00000E+00   0.00000E+00
  co54  27  27  54   0.00000E+00   0.00000E+00   0.00000E+00
  co55  27  28  55   0.00000E+00   0.00000E+00   0.00000E+00
  co56  27  29  56   0.00000E+00   0.00000E+00   0.00000E+00
  co57  27  30  57   0.00000E+00   0.00000E+00   0.00000E+00
  co58  27  31  58   0.00000E+00   0.00000E+00   0.00000E+00
  co59  27  32  59   7.89752E-08   7.89752E-08   7.64498E-08
  co60  27  33  60   2.28816E-15   0.00000E+00   0.00000E+00
  co61  27  34  61   0.00000E+00   0.00000E+00   0.00000E+00
  co62  27  35  62   0.00000E+00   0.00000E+00   0.00000E+00
  co63  27  36  63   0.00000E+00   0.00000E+00   0.00000E+00
  ni54  28  26  54   0.00000E+00   0.00000E+00   0.00000E+00
  ni55  28  27  55   0.00000E+00   0.00000E+00   0.00000E+00
  ni56  28  28  56   0.00000E+00   0.00000E+00   0.00000E+00
  ni57  28  29  57   0.00000E+00   0.00000E+00   0.00000E+00
  ni58  28  30  58   9.02361E-15   9.02361E-15   8.83845E-07
  ni59  28  31  59   8.79941E-16   0.00000E+00   0.00000E+00
  ni60  28  32  60   1.13122E-07   1.13718E-07   3.40456E-07
  ni61  28  33  61   3.82143E-08   3.82143E-08   1.47994E-08
  ni62  28  34  62   7.65547E-08   7.65547E-08   4.71869E-08
  ni63  28  35  63   6.78049E-18   0.00000E+00   0.00000E+00
  ni64  28  36  64   8.74073E-07   8.74073E-07   1.20171E-08
  ni65  28  37  65   0.00000E+00   0.00000E+00   0.00000E+00
  ni66  28  38  66   0.00000E+00   0.00000E+00   0.00000E+00
  ni67  28  39  67   0.00000E+00   0.00000E+00   0.00000E+00
  cu56  29  27  56   0.00000E+00   0.00000E+00   0.00000E+00
  cu57  29  28  57   0.00000E+00   0.00000E+00   0.00000E+00
  cu58  29  29  58   0.00000E+00   0.00000E+00   0.00000E+00
  cu59  29  30  59   0.00000E+00   0.00000E+00   0.00000E+00
  cu60  29  31  60   0.00000E+00   0.00000E+00   0.00000E+00
  cu61  29  32  61   0.00000E+00   0.00000E+00   0.00000E+00
  cu62  29  33  62   0.00000E+00   0.00000E+00   0.00000E+00
  cu63  29  34  63   6.91174E-08   6.91174E-08   8.38097E-09
  cu64  29  35  64   0.00000E+00   0.00000E+00   0.00000E+00
  cu65  29  36  65   2.64772E-07   2.64772E-07   3.73551E-09
  cu66  29  37  66   0.00000E+00   0.00000E+00   0.00000E+00
  cu67  29  38  67   0.00000E+00   0.00000E+00   0.00000E+00
  cu68  29  39  68   0.00000E+00   0.00000E+00   0.00000E+00
  zn59  30  29  59   0.00000E+00   0.00000E+00   0.00000E+00
  zn60  30  30  60   0.00000E+00   0.00000E+00   0.00000E+00
  zn61  30  31  61   0.00000E+00   0.00000E+00   0.00000E+00
  zn62  30  32  62   0.00000E+00   0.00000E+00   0.00000E+00
  zn63  30  33  63   0.00000E+00   0.00000E+00   0.00000E+00
  zn64  30  34  64   2.71299E-08   2.71299E-08   1.38128E-08
  zn65  30  35  65   0.00000E+00   0.00000E+00   0.00000E+00
  zn66  30  36  66   3.31680E-07   3.31680E-07   7.92466E-09
  zn67  30  37  67   7.19560E-08   7.19560E-08   1.16456E-09
  zn68  30  38  68   3.55396E-07   3.55396E-07   5.32571E-09
  zn69  30  39  69   0.00000E+00   0.00000E+00   0.00000E+00
  zn70  30  40  70   2.96159E-13   2.96159E-13   1.76104E-10
  zn71  30  41  71   0.00000E+00   0.00000E+00   0.00000E+00
  zn72  30  42  72   0.00000E+00   0.00000E+00   0.00000E+00
  ga69  31  38  69   9.45186E-08   9.45186E-08   5.15595E-10
  ga70  31  39  70   0.00000E+00   0.00000E+00   0.00000E+00
  ga71  31  40  71   9.53116E-08   9.53116E-08   3.42186E-10
  ga72  31  41  72   0.00000E+00   0.00000E+00   0.00000E+00
  ga73  31  42  73   0.00000E+00   0.00000E+00   0.00000E+00
  ga74  31  43  74   0.00000E+00   0.00000E+00   0.00000E+00
  ga75  31  44  75   0.00000E+00   0.00000E+00   0.00000E+00
  ge70  32  38  70   1.66036E-07   1.66036E-07   7.28239E-10
  ge71  32  39  71   0.00000E+00   0.00000E+00   0.00000E+00
  ge72  32  40  72   1.93531E-07   1.93531E-07   9.62366E-10
  ge73  32  41  73   4.26884E-08   4.26884E-08   2.70119E-10
  ge74  32  42  74   4.06146E-07   4.06146E-07   1.26778E-09
  ge75  32  43  75   0.00000E+00   0.00000E+00   0.00000E+00
  ge76  32  44  76   7.22757E-13   7.22757E-13   2.65926E-10
  ge77  32  45  77   0.00000E+00   0.00000E+00   0.00000E+00
  ge78  32  46  78   0.00000E+00   0.00000E+00   0.00000E+00
  ge79  32  47  79   0.00000E+00   0.00000E+00   0.00000E+00
  as75  33  42  75   3.90494E-08   3.90494E-08   1.56090E-10
  as76  33  43  76   0.00000E+00   0.00000E+00   0.00000E+00
  as77  33  44  77   0.00000E+00   0.00000E+00   0.00000E+00
  as78  33  45  78   0.00000E+00   0.00000E+00   0.00000E+00
  as79  33  46  79   0.00000E+00   0.00000E+00   0.00000E+00
  as80  33  47  80   0.00000E+00   0.00000E+00   0.00000E+00
  se74  34  40  74   0.00000E+00   0.00000E+00   1.52323E-11
  se75  34  41  75   0.00000E+00   0.00000E+00   0.00000E+00
  se76  34  42  76   1.07301E-07   1.07301E-07   1.60367E-10
  se77  34  43  77   8.30504E-08   8.30504E-08   1.30587E-10
  se78  34  44  78   2.95157E-07   2.95157E-07   4.06823E-10
  se79  34  45  79   3.64333E-08   0.00000E+00   0.00000E+00
  se80  34  46  80   4.25778E-07   4.25778E-07   8.49074E-10
  se81  34  47  81   0.00000E+00   0.00000E+00   0.00000E+00
  se82  34  48  82   1.13918E-12   1.13918E-12   1.49414E-10
  se83  34  49  83   0.00000E+00   0.00000E+00   0.00000E+00
  se84  34  50  84   0.00000E+00   0.00000E+00   0.00000E+00
  br79  35  44  79   2.10955E-08   5.75288E-08   1.37499E-10
  br80  35  45  80   0.00000E+00   0.00000E+00   0.00000E+00
  br81  35  46  81   7.24743E-08   7.65081E-08   1.33755E-10
  br82  35  47  82   0.00000E+00   0.00000E+00   0.00000E+00
  br83  35  48  83   0.00000E+00   0.00000E+00   0.00000E+00
  br84  35  49  84   0.00000E+00   0.00000E+00   0.00000E+00
  br85  35  50  85   0.00000E+00   0.00000E+00   0.00000E+00
  kr78  36  42  78   0.00000E+00   0.00000E+00   5.03599E-12
  kr79  36  43  79   0.00000E+00   0.00000E+00   0.00000E+00
  kr80  36  44  80   9.15924E-09   9.15924E-09   3.23583E-11
  kr81  36  45  81   4.03378E-09   0.00000E+00   0.00000E+00
  kr82  36  46  82   3.52683E-07   3.52683E-07   1.62139E-10
  kr83  36  47  83   6.27875E-08   6.27875E-08   1.60623E-10
  kr84  36  48  84   3.56021E-07   3.56021E-07   7.91611E-10
  kr85  36  49  85   0.00000E+00   0.00000E+00   0.00000E+00
  kr86  36  50  86   4.90727E-07   4.90727E-07   2.39390E-10
  kr87  36  51  87   0.00000E+00   0.00000E+00   0.00000E+00
  kr88  36  52  88   0.00000E+00   0.00000E+00   0.00000E+00
  kr89  36  53  89   0.00000E+00   0.00000E+00   0.00000E+00
  rb85  37  48  85   8.64289E-08   8.64289E-08   1.83518E-10
  rb86  37  49  86   0.00000E+00   0.00000E+00   0.00000E+00
  rb87  37  50  87   6.26722E-08   6.26722E-08   7.55274E-11
  rb88  37  51  88   0.00000E+00   0.00000E+00   0.00000E+00
  rb89  37  52  89   0.00000E+00   0.00000E+00   0.00000E+00
  rb90  37  53  90   0.00000E+00   0.00000E+00   0.00000E+00
  sr84  38  46  84   0.00000E+00   0.00000E+00   3.23602E-12
  sr85  38  47  85   0.00000E+00   0.00000E+00   0.00000E+00
  sr86  38  48  86   3.09033E-07   3.09033E-07   5.72264E-11
  sr87  38  49  87   1.98976E-07   1.98976E-07   3.99926E-11
  sr88  38  50  88   5.30018E-06   5.30018E-06   4.79476E-10
  sr89  38  51  89   0.00000E+00   0.00000E+00   0.00000E+00
  sr90  38  52  90   0.00000E+00   0.00000E+00   0.00000E+00
  sr91  38  53  91   0.00000E+00   0.00000E+00   0.00000E+00
  sr92  38  54  92   0.00000E+00   0.00000E+00   0.00000E+00
  sr93  38  55  93   0.00000E+00   0.00000E+00   0.00000E+00
   y89  39  50  89   1.40366E-06   1.40366E-06   1.26875E-10
   y90  39  51  90   0.00000E+00   0.00000E+00   0.00000E+00
   y91  39  52  91   0.00000E+00   0.00000E+00   0.00000E+00
   y92  39  53  92   0.00000E+00   0.00000E+00   0.00000E+00
   y93  39  54  93   0.00000E+00   0.00000E+00   0.00000E+00
   y94  39  55  94   0.00000E+00   0.00000E+00   0.00000E+00
   y95  39  56  95   0.00000E+00   0.00000E+00   0.00000E+00
  zr90  40  50  90   1.95114E-06   1.95114E-06   1.53025E-10
  zr91  40  51  91   4.33078E-07   4.33078E-07   3.33710E-11
  zr92  40  52  92   8.20131E-07   8.20131E-07   5.10083E-11
  zr93  40  53  93   2.68751E-07   0.00000E+00   0.00000E+00
  zr94  40  54  94   1.09710E-06   1.09710E-06   5.16923E-11
  zr95  40  55  95   0.00000E+00   0.00000E+00   0.00000E+00
  zr96  40  56  96   0.00000E+00   0.00000E+00   8.32788E-12
  zr97  40  57  97   0.00000E+00   0.00000E+00   0.00000E+00
  zr98  40  58  98   0.00000E+00   0.00000E+00   0.00000E+00
  nb93  41  52  93   1.30327E-09   2.70054E-07   2.25619E-11
  nb94  41  53  94   1.75896E-15   0.00000E+00   0.00000E+00
  nb95  41  54  95   0.00000E+00   0.00000E+00   0.00000E+00
  nb96  41  55  96   0.00000E+00   0.00000E+00   0.00000E+00
  nb97  41  56  97   0.00000E+00   0.00000E+00   0.00000E+00
  nb98  41  57  98   0.00000E+00   0.00000E+00   0.00000E+00
  mo92  42  50  92   0.00000E+00   0.00000E+00   8.61971E-12
  mo93  42  51  93   0.00000E+00   0.00000E+00   0.00000E+00
  mo94  42  52  94   3.17892E-10   3.17894E-10   5.43056E-12
  mo95  42  53  95   1.03979E-07   1.03979E-07   9.39889E-12
  mo96  42  54  96   2.21929E-07   2.21929E-07   9.89382E-12
  mo97  42  55  97   8.60143E-08   8.60143E-08   5.69643E-12
  mo98  42  56  98   2.97113E-07   2.97113E-07   1.44746E-11
  mo99  42  57  99   0.00000E+00   0.00000E+00   0.00000E+00
 mo100  42  58 100   5.15769E-12   5.15769E-12   5.82995E-12
 mo101  42  59 101   0.00000E+00   0.00000E+00   0.00000E+00
 mo102  42  60 102   0.00000E+00   0.00000E+00   0.00000E+00
  tc97  43  54  97   0.00000E+00   0.00000E+00   0.00000E+00
  tc98  43  55  98   0.00000E+00   0.00000E+00   0.00000E+00
  tc99  43  56  99   4.10842E-08   0.00000E+00   0.00000E+00
 tc100  43  57 100   0.00000E+00   0.00000E+00   0.00000E+00
 tc101  43  58 101   0.00000E+00   0.00000E+00   0.00000E+00
 tc102  43  59 102   0.00000E+00   0.00000E+00   0.00000E+00
  ru96  44  52  96   0.00000E+00   0.00000E+00   2.43717E-12
  ru97  44  53  97   0.00000E+00   0.00000E+00   0.00000E+00
  ru98  44  54  98   0.00000E+00   0.00000E+00   8.22656E-13
  ru99  44  55  99   1.69132E-09   4.27755E-08   5.61341E-12
 ru100  44  56 100   1.50533E-07   1.50533E-07   5.54303E-12
 ru101  44  57 101   3.59796E-08   3.59796E-08   7.50508E-12
 ru102  44  58 102   1.86463E-07   1.86463E-07   1.38796E-11
 ru103  44  59 103   0.00000E+00   0.00000E+00   0.00000E+00
 ru104  44  60 104   8.42268E-13   8.42267E-13   8.19136E-12
 ru105  44  61 105   0.00000E+00   0.00000E+00   0.00000E+00
 ru106  44  62 106   0.00000E+00   0.00000E+00   0.00000E+00
 ru107  44  63 107   0.00000E+00   0.00000E+00   0.00000E+00
 ru108  44  64 108   0.00000E+00   0.00000E+00   0.00000E+00
 rh103  45  58 103   4.12480E-08   4.12480E-08   6.35882E-12
 rh104  45  59 104   0.00000E+00   0.00000E+00   0.00000E+00
 rh105  45  60 105   0.00000E+00   0.00000E+00   0.00000E+00
 rh106  45  61 106   0.00000E+00   0.00000E+00   0.00000E+00
 rh107  45  62 107   0.00000E+00   0.00000E+00   0.00000E+00
 rh108  45  63 108   0.00000E+00   0.00000E+00   0.00000E+00
 pd102  46  56 102   0.00000E+00   0.00000E+00   2.96467E-13
 pd103  46  57 103   0.00000E+00   0.00000E+00   0.00000E+00
 pd104  46  58 104   1.10071E-07   1.10071E-07   3.23789E-12
 pd105  46  59 105   2.95075E-08   2.95075E-08   6.49031E-12
 pd106  46  60 106   1.17663E-07   1.17663E-07   7.94358E-12
 pd107  46  61 107   2.72401E-08   0.00000E+00   0.00000E+00
 pd108  46  62 108   1.46833E-07   1.46833E-07   7.69071E-12
 pd109  46  63 109   0.00000E+00   0.00000E+00   0.00000E+00
 pd110  46  64 110   5.72666E-10   5.72665E-10   3.40647E-12
 pd111  46  65 111   0.00000E+00   0.00000E+00   0.00000E+00
 pd112  46  66 112   0.00000E+00   0.00000E+00   0.00000E+00
 pd113  46  67 113   0.00000E+00   0.00000E+00   0.00000E+00
 ag107  47  60 107   4.48153E-11   2.72849E-08   3.53210E-12
 ag108  47  61 108   0.00000E+00   0.00000E+00   0.00000E+00
 ag109  47  62 109   4.53125E-08   4.53125E-08   3.28150E-12
 ag110  47  63 110   0.00000E+00   0.00000E+00   0.00000E+00
 ag111  47  64 111   0.00000E+00   0.00000E+00   0.00000E+00
 ag112  47  65 112   0.00000E+00   0.00000E+00   0.00000E+00
 ag113  47  66 113   0.00000E+00   0.00000E+00   0.00000E+00
 ag114  47  67 114   0.00000E+00   0.00000E+00   0.00000E+00
 ag115  47  68 115   0.00000E+00   0.00000E+00   0.00000E+00
 cd106  48  58 106   0.00000E+00   0.00000E+00   5.01518E-13
 cd107  48  59 107   0.00000E+00   0.00000E+00   0.00000E+00
 cd108  48  60 108   1.62350E-11   1.62349E-11   3.57081E-13
 cd109  48  61 109   0.00000E+00   0.00000E+00   0.00000E+00
 cd110  48  62 110   1.20562E-07   1.20562E-07   5.01117E-12
 cd111  48  63 111   4.66610E-08   4.66610E-08   5.13554E-12
 cd112  48  64 112   1.46882E-07   1.46882E-07   9.68130E-12
 cd113  48  65 113   5.00863E-08   5.00863E-08   4.90284E-12
 cd114  48  66 114   2.12822E-07   2.12822E-07   1.15269E-11
 cd115  48  67 115   0.00000E+00   0.00000E+00   0.00000E+00
 cd116  48  68 116   7.46786E-11   7.46786E-11   3.00510E-12
 cd117  48  69 117   0.00000E+00   0.00000E+00   0.00000E+00
 cd118  48  70 118   0.00000E+00   0.00000E+00   0.00000E+00
 cd119  48  71 119   0.00000E+00   0.00000E+00   0.00000E+00
 in113  49  64 113   4.52130E-19   4.52130E-19   2.11755E-13
 in114  49  65 114   0.00000E+00   0.00000E+00   0.00000E+00
 in115  49  66 115   4.61354E-08   4.61354E-08   4.72426E-12
 in116  49  67 116   0.00000E+00   0.00000E+00   0.00000E+00
 in117  49  68 117   0.00000E+00   0.00000E+00   0.00000E+00
 in118  49  69 118   0.00000E+00   0.00000E+00   0.00000E+00
 in119  49  70 119   0.00000E+00   0.00000E+00   0.00000E+00
 sn112  50  62 112   0.00000E+00   0.00000E+00   8.32048E-13
 sn113  50  63 113   0.00000E+00   0.00000E+00   0.00000E+00
 sn114  50  64 114   3.40451E-19   3.40451E-19   5.66135E-13
 sn115  50  65 115   7.82634E-19   7.82634E-19   2.91646E-13
 sn116  50  66 116   2.97403E-07   2.97403E-07   1.24721E-11
 sn117  50  67 117   9.78433E-08   9.78433E-08   6.58776E-12
 sn118  50  68 118   3.60442E-07   3.60442E-07   2.07755E-11
 sn119  50  69 119   1.19713E-07   1.19713E-07   7.36834E-12
 sn120  50  70 120   6.24562E-07   6.24562E-07   2.79465E-11
 sn121  50  71 121   0.00000E+00   0.00000E+00   0.00000E+00
 sn122  50  72 122   2.30723E-08   2.30723E-08   3.97153E-12
 sn123  50  73 123   0.00000E+00   0.00000E+00   0.00000E+00
 sn124  50  74 124   4.36376E-12   4.36376E-12   4.96655E-12
 sn125  50  75 125   0.00000E+00   0.00000E+00   0.00000E+00
 sn126  50  76 126   5.73249E-17   0.00000E+00   0.00000E+00
 sn127  50  77 127   0.00000E+00   0.00000E+00   0.00000E+00
 sb121  51  70 121   5.48667E-08   5.48667E-08   4.57982E-12
 sb122  51  71 122   0.00000E+00   0.00000E+00   0.00000E+00
 sb123  51  72 123   1.87973E-09   1.87973E-09   3.42546E-12
 sb124  51  73 124   0.00000E+00   0.00000E+00   0.00000E+00
 sb125  51  74 125   0.00000E+00   0.00000E+00   0.00000E+00
 sb126  51  75 126   9.55781E-24   0.00000E+00   0.00000E+00
 sb127  51  76 127   0.00000E+00   0.00000E+00   0.00000E+00
 sb128  51  77 128   0.00000E+00   0.00000E+00   0.00000E+00
 sb129  51  78 129   0.00000E+00   0.00000E+00   0.00000E+00
 sb130  51  79 130   0.00000E+00   0.00000E+00   0.00000E+00
 te120  52  68 120   0.00000E+00   0.00000E+00   1.06566E-13
 te121  52  69 121   0.00000E+00   0.00000E+00   0.00000E+00
 te122  52  70 122   7.95145E-08   7.95145E-08   3.01937E-12
 te123  52  71 123   3.14693E-08   3.14693E-08   1.05382E-12
 te124  52  72 124   1.55000E-07   1.55000E-07   5.61248E-12
 te125  52  73 125   5.02694E-08   5.02694E-08   8.37136E-12
 te126  52  74 126   2.73718E-07   2.73718E-07   2.23078E-11
 te127  52  75 127   0.00000E+00   0.00000E+00   0.00000E+00
 te128  52  76 128   5.11388E-08   5.11388E-08   3.75823E-11
 te129  52  77 129   0.00000E+00   0.00000E+00   0.00000E+00
 te130  52  78 130   4.73948E-09   4.73948E-09   4.03530E-11
 te131  52  79 131   0.00000E+00   0.00000E+00   0.00000E+00
 te132  52  80 132   0.00000E+00   0.00000E+00   0.00000E+00
  i125  53  72 125   0.00000E+00   0.00000E+00   0.00000E+00
  i126  53  73 126   0.00000E+00   0.00000E+00   0.00000E+00
  i127  53  74 127   3.79706E-08   3.79706E-08   2.77573E-11
  i128  53  75 128   0.00000E+00   0.00000E+00   0.00000E+00
  i129  53  76 129   1.90074E-12   0.00000E+00   0.00000E+00
  i130  53  77 130   0.00000E+00   0.00000E+00   0.00000E+00
  i131  53  78 131   0.00000E+00   0.00000E+00   0.00000E+00
  i132  53  79 132   0.00000E+00   0.00000E+00   0.00000E+00
  i133  53  80 133   0.00000E+00   0.00000E+00   0.00000E+00
  i134  53  81 134   0.00000E+00   0.00000E+00   0.00000E+00
  i135  53  82 135   0.00000E+00   0.00000E+00   0.00000E+00
 xe124  54  70 124   0.00000E+00   0.00000E+00   1.65858E-13
 xe125  54  71 125   0.00000E+00   0.00000E+00   0.00000E+00
 xe126  54  72 126   0.00000E+00   0.00000E+00   1.46825E-13
 xe127  54  73 127   0.00000E+00   0.00000E+00   0.00000E+00
 xe128  54  74 128   8.53069E-08   8.53069E-08   2.97457E-12
 xe129  54  75 129   3.62084E-08   3.62103E-08   3.70529E-11
 xe130  54  76 130   1.88100E-07   1.88099E-07   5.94913E-12
 xe131  54  77 131   8.34915E-08   8.34915E-08   2.94914E-11
 xe132  54  78 132   3.28918E-07   3.28918E-07   3.60456E-11
 xe133  54  79 133   0.00000E+00   0.00000E+00   0.00000E+00
 xe134  54  80 134   3.54899E-11   3.54899E-11   1.33094E-11
 xe135  54  81 135   0.00000E+00   0.00000E+00   0.00000E+00
 xe136  54  82 136   2.35443E-12   2.35443E-12   1.08134E-11
 xe137  54  83 137   0.00000E+00   0.00000E+00   0.00000E+00
 cs131  55  76 131   0.00000E+00   0.00000E+00   0.00000E+00
 cs132  55  77 132   0.00000E+00   0.00000E+00   0.00000E+00
 cs133  55  78 133   4.13561E-08   4.13561E-08   9.40538E-12
 cs134  55  79 134   0.00000E+00   0.00000E+00   0.00000E+00
 cs135  55  80 135   1.25452E-09   0.00000E+00   0.00000E+00
 cs136  55  81 136   0.00000E+00   0.00000E+00   0.00000E+00
 cs137  55  82 137   0.00000E+00   0.00000E+00   0.00000E+00
 cs138  55  83 138   0.00000E+00   0.00000E+00   0.00000E+00
 cs139  55  84 139   0.00000E+00   0.00000E+00   0.00000E+00
 ba130  56  74 130   0.00000E+00   0.00000E+00   1.25511E-13
 ba131  56  75 131   0.00000E+00   0.00000E+00   0.00000E+00
 ba132  56  76 132   0.00000E+00   0.00000E+00   1.19591E-13
 ba133  56  77 133   0.00000E+00   0.00000E+00   0.00000E+00
 ba134  56  78 134   1.38723E-07   1.38723E-07   2.86189E-12
 ba135  56  79 135   4.34150E-08   4.46695E-08   7.80537E-12
 ba136  56  80 136   2.95224E-07   2.95224E-07   9.29967E-12
 ba137  56  81 137   2.35073E-07   2.35073E-07   1.32994E-11
 ba138  56  82 138   1.65112E-06   1.65111E-06   8.48953E-11
 ba139  56  83 139   0.00000E+00   0.00000E+00   0.00000E+00
 ba140  56  84 140   0.00000E+00   0.00000E+00   0.00000E+00
 ba141  56  85 141   0.00000E+00   0.00000E+00   0.00000E+00
 la137  57  80 137   0.00000E+00   0.00000E+00   0.00000E+00
 la138  57  81 138   6.89730E-18   6.89730E-18   8.96227E-15
 la139  57  82 139   1.71311E-07   1.71311E-07   9.83968E-12
 la140  57  83 140   0.00000E+00   0.00000E+00   0.00000E+00
 la141  57  84 141   0.00000E+00   0.00000E+00   0.00000E+00
 la142  57  85 142   0.00000E+00   0.00000E+00   0.00000E+00
 la143  57  86 143   0.00000E+00   0.00000E+00   0.00000E+00
 ce136  58  78 136   0.00000E+00   0.00000E+00   5.50235E-14
 ce137  58  79 137   0.00000E+00   0.00000E+00   0.00000E+00
 ce138  58  80 138   0.00000E+00   0.00000E+00   7.46535E-14
 ce139  58  81 139   0.00000E+00   0.00000E+00   0.00000E+00
 ce140  58  82 140   3.55199E-07   3.55199E-07   2.63072E-11
 ce141  58  83 141   0.00000E+00   0.00000E+00   0.00000E+00
 ce142  58  84 142   1.26630E-11   1.26630E-11   3.30557E-12
 ce143  58  85 143   0.00000E+00   0.00000E+00   0.00000E+00
 ce144  58  86 144   0.00000E+00   0.00000E+00   0.00000E+00
 ce145  58  87 145   0.00000E+00   0.00000E+00   0.00000E+00
 pr141  59  82 141   2.19579E-08   2.19579E-08   4.10560E-12
 pr142  59  83 142   0.00000E+00   0.00000E+00   0.00000E+00
 pr143  59  84 143   0.00000E+00   0.00000E+00   0.00000E+00
 pr144  59  85 144   0.00000E+00   0.00000E+00   0.00000E+00
 pr145  59  86 145   0.00000E+00   0.00000E+00   0.00000E+00
 pr146  59  87 146   0.00000E+00   0.00000E+00   0.00000E+00
 pr147  59  88 147   0.00000E+00   0.00000E+00   0.00000E+00
 nd142  60  82 142   7.24138E-08   7.24138E-08   5.56477E-12
 nd143  60  83 143   7.65578E-09   7.65577E-09   2.47394E-12
 nd144  60  84 144   2.60197E-08   2.60197E-08   4.88265E-12
 nd145  60  85 145   4.08522E-09   4.08522E-09   1.80314E-12
 nd146  60  86 146   2.38401E-08   2.38401E-08   3.52479E-12
 nd147  60  87 147   0.00000E+00   0.00000E+00   0.00000E+00
 nd148  60  88 148   2.12263E-12   2.12263E-12   1.17617E-12
 nd149  60  89 149   0.00000E+00   0.00000E+00   0.00000E+00
 nd150  60  90 150   7.94980E-19   7.94980E-19   1.15147E-12
 nd151  60  91 151   0.00000E+00   0.00000E+00   0.00000E+00
 nd152  60  92 152   0.00000E+00   0.00000E+00   0.00000E+00
 pm144  61  83 144   0.00000E+00   0.00000E+00   0.00000E+00
 pm145  61  84 145   0.00000E+00   0.00000E+00   0.00000E+00
 pm146  61  85 146   0.00000E+00   0.00000E+00   0.00000E+00
 pm147  61  86 147   0.00000E+00   0.00000E+00   0.00000E+00
 pm148  61  87 148   0.00000E+00   0.00000E+00   0.00000E+00
 pm149  61  88 149   0.00000E+00   0.00000E+00   0.00000E+00
 pm150  61  89 150   0.00000E+00   0.00000E+00   0.00000E+00
 pm151  61  90 151   0.00000E+00   0.00000E+00   0.00000E+00
 pm152  61  91 152   0.00000E+00   0.00000E+00   0.00000E+00
 pm153  61  92 153   0.00000E+00   0.00000E+00   0.00000E+00
 sm144  62  82 144   0.00000E+00   0.00000E+00   2.19036E-13
 sm145  62  83 145   0.00000E+00   0.00000E+00   0.00000E+00
 sm146  62  84 146   0.00000E+00   0.00000E+00   0.00000E+00
 sm147  62  85 147   1.71663E-09   1.71663E-09   1.06949E-12
 sm148  62  86 148   7.71785E-09   7.71785E-09   8.01942E-13
 sm149  62  87 149   8.09488E-10   8.09488E-10   9.86017E-13
 sm150  62  88 150   4.21427E-09   4.21427E-09   5.26542E-13
 sm151  62  89 151   5.27635E-23   0.00000E+00   0.00000E+00
 sm152  62  90 152   5.43517E-10   5.43516E-10   1.90854E-12
 sm153  62  91 153   0.00000E+00   0.00000E+00   0.00000E+00
 sm154  62  92 154   1.91354E-13   1.91354E-13   1.62315E-12
 sm155  62  93 155   0.00000E+00   0.00000E+00   0.00000E+00
 sm156  62  94 156   0.00000E+00   0.00000E+00   0.00000E+00
 sm157  62  95 157   0.00000E+00   0.00000E+00   0.00000E+00
 eu151  63  88 151   3.82957E-10   3.82957E-10   1.23850E-12
 eu152  63  89 152   0.00000E+00   0.00000E+00   0.00000E+00
 eu153  63  90 153   7.27005E-10   7.27005E-10   1.35196E-12
 eu154  63  91 154   0.00000E+00   0.00000E+00   0.00000E+00
 eu155  63  92 155   0.00000E+00   0.00000E+00   0.00000E+00
 eu156  63  93 156   0.00000E+00   0.00000E+00   0.00000E+00
 eu157  63  94 157   0.00000E+00   0.00000E+00   0.00000E+00
 eu158  63  95 158   0.00000E+00   0.00000E+00   0.00000E+00
 eu159  63  96 159   0.00000E+00   0.00000E+00   0.00000E+00
 gd152  64  88 152   1.43487E-09   1.43487E-09   1.83826E-14
 gd153  64  89 153   0.00000E+00   0.00000E+00   0.00000E+00
 gd154  64  90 154   1.73506E-09   1.73506E-09   2.00370E-13
 gd155  64  91 155   6.19784E-10   6.19783E-10   1.36031E-12
 gd156  64  92 156   2.91645E-09   2.91645E-09   1.88146E-12
 gd157  64  93 157   1.14809E-09   1.14809E-09   1.43844E-12
 gd158  64  94 158   4.94942E-09   4.94942E-09   2.28312E-12
 gd159  64  95 159   0.00000E+00   0.00000E+00   0.00000E+00
 gd160  64  96 160   7.42376E-14   7.42376E-14   2.00922E-12
 gd161  64  97 161   0.00000E+00   0.00000E+00   0.00000E+00
 gd162  64  98 162   0.00000E+00   0.00000E+00   0.00000E+00
 tb156  65  91 156   0.00000E+00   0.00000E+00   0.00000E+00
 tb157  65  92 157   0.00000E+00   0.00000E+00   0.00000E+00
 tb158  65  93 158   0.00000E+00   0.00000E+00   0.00000E+00
 tb159  65  94 159   1.02092E-09   1.02092E-09   1.56090E-12
 tb160  65  95 160   0.00000E+00   0.00000E+00   0.00000E+00
 tb161  65  96 161   0.00000E+00   0.00000E+00   0.00000E+00
 tb162  65  97 162   0.00000E+00   0.00000E+00   0.00000E+00
 tb163  65  98 163   0.00000E+00   0.00000E+00   0.00000E+00
 dy156  66  90 156   0.00000E+00   0.00000E+00   5.51524E-15
 dy157  66  91 157   0.00000E+00   0.00000E+00   0.00000E+00
 dy158  66  92 158   0.00000E+00   0.00000E+00   9.35621E-15
 dy159  66  93 159   0.00000E+00   0.00000E+00   0.00000E+00
 dy160  66  94 160   1.85688E-09   1.85688E-09   2.29375E-13
 dy161  66  95 161   7.20074E-10   7.20074E-10   1.86031E-12
 dy162  66  96 162   3.71875E-09   3.71875E-09   2.51879E-12
 dy163  66  97 163   1.32288E-09   1.32288E-09   2.45192E-12
 dy164  66  98 164   6.79810E-09   6.79810E-09   2.78323E-12
 dy165  66  99 165   0.00000E+00   0.00000E+00   0.00000E+00
 dy166  66 100 166   0.00000E+00   0.00000E+00   0.00000E+00
 dy167  66 101 167   0.00000E+00   0.00000E+00   0.00000E+00
 dy168  66 102 168   0.00000E+00   0.00000E+00   0.00000E+00
 ho162  67  95 162   0.00000E+00   0.00000E+00   0.00000E+00
 ho163  67  96 163   0.00000E+00   0.00000E+00   0.00000E+00
 ho164  67  97 164   0.00000E+00   0.00000E+00   0.00000E+00
 ho165  67  98 165   1.17059E-09   1.17059E-09   2.36253E-12
 ho166  67  99 166   0.00000E+00   0.00000E+00   0.00000E+00
 ho167  67 100 167   0.00000E+00   0.00000E+00   0.00000E+00
 ho168  67 101 168   0.00000E+00   0.00000E+00   0.00000E+00
 ho169  67 102 169   0.00000E+00   0.00000E+00   0.00000E+00
 er162  68  94 162   0.00000E+00   0.00000E+00   8.84943E-15
 er163  68  95 163   0.00000E+00   0.00000E+00   0.00000E+00
 er164  68  96 164   0.00000E+00   0.00000E+00   1.04176E-13
 er165  68  97 165   0.00000E+00   0.00000E+00   0.00000E+00
 er166  68  98 166   2.74006E-09   2.74006E-09   2.18002E-12
 er167  68  99 167   9.09938E-10   9.09938E-10   1.48807E-12
 er168  68 100 168   4.40763E-09   4.40763E-09   1.75544E-12
 er169  68 101 169   0.00000E+00   0.00000E+00   0.00000E+00
 er170  68 102 170   6.57313E-12   6.57313E-12   9.70184E-13
 er171  68 103 171   0.00000E+00   0.00000E+00   0.00000E+00
 er172  68 104 172   0.00000E+00   0.00000E+00   0.00000E+00
 er173  68 105 173   0.00000E+00   0.00000E+00   0.00000E+00
 tm168  69  99 168   0.00000E+00   0.00000E+00   0.00000E+00
 tm169  69 100 169   8.78972E-10   8.78972E-10   9.84864E-13
 tm170  69 101 170   0.00000E+00   0.00000E+00   0.00000E+00
 tm171  69 102 171   0.00000E+00   0.00000E+00   0.00000E+00
 tm172  69 103 172   0.00000E+00   0.00000E+00   0.00000E+00
 tm173  69 104 173   0.00000E+00   0.00000E+00   0.00000E+00
 tm174  69 105 174   0.00000E+00   0.00000E+00   0.00000E+00
 tm175  69 106 175   0.00000E+00   0.00000E+00   0.00000E+00
 yb168  70  98 168   0.00000E+00   0.00000E+00   6.49468E-15
 yb169  70  99 169   0.00000E+00   0.00000E+00   0.00000E+00
 yb170  70 100 170   1.85727E-09   1.85727E-09   1.61285E-13
 yb171  70 101 171   1.13431E-09   1.13431E-09   7.62584E-13
 yb172  70 102 172   4.04747E-09   4.04747E-09   1.17391E-12
 yb173  70 103 173   1.59011E-09   1.59011E-09   8.71369E-13
 yb174  70 104 174   7.89687E-09   7.89687E-09   1.73354E-12
 yb175  70 105 175   0.00000E+00   0.00000E+00   0.00000E+00
 yb176  70 106 176   2.22853E-13   2.22853E-13   7.03590E-13
 yb177  70 107 177   0.00000E+00   0.00000E+00   0.00000E+00
 yb178  70 108 178   0.00000E+00   0.00000E+00   0.00000E+00
 lu174  71 103 174   0.00000E+00   0.00000E+00   0.00000E+00
 lu175  71 104 175   9.18581E-10   9.18581E-10   9.57086E-13
 lu176  71 105 176   5.89824E-10   5.89824E-10   2.77781E-14
 lu177  71 106 177   0.00000E+00   0.00000E+00   0.00000E+00
 lu178  71 107 178   0.00000E+00   0.00000E+00   0.00000E+00
 lu179  71 108 179   0.00000E+00   0.00000E+00   0.00000E+00
 lu180  71 109 180   0.00000E+00   0.00000E+00   0.00000E+00
 hf174  72 102 174   0.00000E+00   0.00000E+00   8.97205E-15
 hf175  72 103 175   0.00000E+00   0.00000E+00   0.00000E+00
 hf176  72 104 176   1.35358E-10   1.35358E-10   2.88324E-13
 hf177  72 105 177   7.25942E-10   7.25942E-10   1.03046E-12
 hf178  72 106 178   3.65521E-09   3.65521E-09   1.51179E-12
 hf179  72 107 179   1.12521E-09   1.12521E-09   7.54815E-13
 hf180  72 108 180   7.42996E-09   7.42996E-09   1.94394E-12
 hf181  72 109 181   0.00000E+00   0.00000E+00   0.00000E+00
 hf182  72 110 182   1.48356E-12   0.00000E+00   0.00000E+00
 hf183  72 111 183   0.00000E+00   0.00000E+00   0.00000E+00
 hf184  72 112 184   0.00000E+00   0.00000E+00   0.00000E+00
 ta179  73 106 179   0.00000E+00   0.00000E+00   0.00000E+00
 ta180  73 107 180   0.00000E+00   0.00000E+00   7.12127E-17
 ta181  73 108 181   1.07476E-09   1.07476E-09   5.93368E-13
 ta182  73 109 182   6.50027E-20   0.00000E+00   0.00000E+00
 ta183  73 110 183   0.00000E+00   0.00000E+00   0.00000E+00
 ta184  73 111 184   0.00000E+00   0.00000E+00   0.00000E+00
 ta185  73 112 185   0.00000E+00   0.00000E+00   0.00000E+00
 ta186  73 113 186   0.00000E+00   0.00000E+00   0.00000E+00
  w180  74 106 180   0.00000E+00   0.00000E+00   6.64596E-15
  w181  74 107 181   0.00000E+00   0.00000E+00   0.00000E+00
  w182  74 108 182   3.97863E-09   3.98012E-09   1.46765E-12
  w183  74 109 183   1.68503E-09   1.68503E-09   7.92531E-13
  w184  74 110 184   3.90911E-09   3.90911E-09   1.69693E-12
  w185  74 111 185   0.00000E+00   0.00000E+00   0.00000E+00
  w186  74 112 186   3.66611E-10   3.66611E-10   1.57454E-12
  w187  74 113 187   0.00000E+00   0.00000E+00   0.00000E+00
  w188  74 114 188   0.00000E+00   0.00000E+00   0.00000E+00
  w189  74 115 189   0.00000E+00   0.00000E+00   0.00000E+00
  w190  74 116 190   0.00000E+00   0.00000E+00   0.00000E+00
 re184  75 109 184   0.00000E+00   0.00000E+00   0.00000E+00
 re185  75 110 185   7.36423E-10   7.36423E-10   5.07671E-13
 re186  75 111 186   0.00000E+00   0.00000E+00   0.00000E+00
 re187  75 112 187   6.70453E-11   6.70453E-11   9.15891E-13
 re188  75 113 188   0.00000E+00   0.00000E+00   0.00000E+00
 re189  75 114 189   0.00000E+00   0.00000E+00   0.00000E+00
 re190  75 115 190   0.00000E+00   0.00000E+00   0.00000E+00
 re191  75 116 191   0.00000E+00   0.00000E+00   0.00000E+00
 os184  76 108 184   0.00000E+00   0.00000E+00   3.93013E-15
 os185  76 109 185   0.00000E+00   0.00000E+00   0.00000E+00
 os186  76 110 186   2.10907E-09   2.10907E-09   3.14017E-13
 os187  76 111 187   6.12579E-10   6.12579E-10   2.49759E-13
 os188  76 112 188   3.00073E-09   3.00073E-09   2.62080E-12
 os189  76 113 189   4.55633E-10   4.55633E-10   3.19539E-12
 os190  76 114 190   3.10620E-09   3.10620E-09   5.19641E-12
 os191  76 115 191   0.00000E+00   0.00000E+00   0.00000E+00
 os192  76 116 192   2.92781E-10   2.92781E-10   7.87401E-12
 os193  76 117 193   0.00000E+00   0.00000E+00   0.00000E+00
 os194  76 118 194   0.00000E+00   0.00000E+00   0.00000E+00
 os195  76 119 195   9.09830E-21   0.00000E+00   0.00000E+00
 os196  76 120 196   0.00000E+00   0.00000E+00   0.00000E+00
 ir190  77 113 190   0.00000E+00   0.00000E+00   0.00000E+00
 ir191  77 114 191   4.96869E-10   4.96869E-10   6.99979E-12
 ir192  77 115 192   0.00000E+00   0.00000E+00   0.00000E+00
 ir193  77 116 193   6.47411E-10   6.47411E-10   1.17664E-11
 ir194  77 117 194   0.00000E+00   0.00000E+00   0.00000E+00
 ir195  77 118 195   0.00000E+00   0.00000E+00   0.00000E+00
 ir196  77 119 196   0.00000E+00   0.00000E+00   0.00000E+00
 ir197  77 120 197   0.00000E+00   0.00000E+00   0.00000E+00
 pt190  78 112 190   0.00000E+00   0.00000E+00   4.56567E-15
 pt191  78 113 191   0.00000E+00   0.00000E+00   0.00000E+00
 pt192  78 114 192   1.40442E-09   1.40442E-09   2.55025E-13
 pt193  78 115 193   4.07427E-22   0.00000E+00   0.00000E+00
 pt194  78 116 194   2.24436E-09   2.24436E-09   1.07512E-11
 pt195  78 117 195   7.36435E-10   7.36435E-10   1.10333E-11
 pt196  78 118 196   4.09584E-09   4.09584E-09   8.23190E-12
 pt197  78 119 197   0.00000E+00   0.00000E+00   0.00000E+00
 pt198  78 120 198   1.26274E-14   1.26274E-14   2.33599E-12
 pt199  78 121 199   0.00000E+00   0.00000E+00   0.00000E+00
 pt200  78 122 200   0.00000E+00   0.00000E+00   0.00000E+00
 au195  79 116 195   0.00000E+00   0.00000E+00   0.00000E+00
 au196  79 117 196   0.00000E+00   0.00000E+00   0.00000E+00
 au197  79 118 197   9.46340E-10   9.46340E-10   6.50693E-12
 au198  79 119 198   0.00000E+00   0.00000E+00   0.00000E+00
 au199  79 120 199   0.00000E+00   0.00000E+00   0.00000E+00
 au200  79 121 200   0.00000E+00   0.00000E+00   0.00000E+00
 au201  79 122 201   0.00000E+00   0.00000E+00   0.00000E+00
 hg196  80 116 196   0.00000E+00   0.00000E+00   1.73567E-14
 hg197  80 117 197   0.00000E+00   0.00000E+00   0.00000E+00
 hg198  80 118 198   2.87029E-09   2.87029E-09   1.15364E-12
 hg199  80 119 199   1.41221E-09   1.41221E-09   1.95205E-12
 hg200  80 120 200   4.91578E-09   4.91578E-09   2.67294E-12
 hg201  80 121 201   1.83077E-09   1.83077E-09   1.52508E-12
 hg202  80 122 202   7.09834E-09   7.09834E-09   3.45514E-12
 hg203  80 123 203   0.00000E+00   0.00000E+00   0.00000E+00
 hg204  80 124 204   1.45994E-10   1.45994E-10   7.94938E-13
 hg205  80 125 205   0.00000E+00   0.00000E+00   0.00000E+00
 tl203  81 122 203   2.39125E-09   2.39125E-09   1.83464E-12
 tl204  81 123 204   0.00000E+00   0.00000E+00   0.00000E+00
 tl205  81 124 205   1.80256E-10   2.19476E-09   4.37943E-12
 tl206  81 125 206   0.00000E+00   0.00000E+00   0.00000E+00
 pb204  82 122 204   3.45376E-09   3.45376E-09   8.78526E-13
 pb205  82 123 205   2.01451E-09   0.00000E+00   0.00000E+00
 pb206  82 124 206   1.34428E-08   1.34428E-08   8.17464E-12
 pb207  82 125 207   5.77241E-09   5.77240E-09   9.04613E-12
 pb208  82 126 208   3.21838E-09   3.21838E-09   2.58930E-11
 pb209  82 127 209   0.00000E+00   0.00000E+00   0.00000E+00
 pb210  82 128 210   0.00000E+00   0.00000E+00   0.00000E+00
 bi209  83 126 209   1.17953E-11   1.17953E-11   3.49443E-12
 bi210  83 127 210   0.00000E+00   0.00000E+00   0.00000E+00
 bi211  83 128 211   0.00000E+00   0.00000E+00   0.00000E+00
 bi212  83 129 212   0.00000E+00   0.00000E+00   0.00000E+00
 po210  84 126 210   1.12353E-11   0.00000E+00   0.00000E+00
 po211  84 127 211   1.31974E-16   0.00000E+00   0.00000E+00
 po212  84 128 212   2.33748E-18   0.00000E+00   0.00000E+00
